2025-11-27 09:24:35 - Raw input: {"participant_id":1}
2025-11-27 09:24:35 - Decoded input: Array
(
    [participant_id] => 1
)

2025-11-27 09:24:35 - Attempting to delete participant with ID: 1
2025-11-27 09:25:38 - Raw input: {"participant_id":2}
2025-11-27 09:25:38 - Decoded input: Array
(
    [participant_id] => 2
)

2025-11-27 09:25:38 - Attempting to delete participant with ID: 2
2025-11-27 10:24:40 - Raw input: {"participant_id":4}
2025-11-27 10:24:40 - Decoded input: Array
(
    [participant_id] => 4
)

2025-11-27 10:24:40 - Attempting to delete participant with ID: 4
2025-11-27 10:25:33 - Raw input: {"participant_id":5}
2025-11-27 10:25:33 - Decoded input: Array
(
    [participant_id] => 5
)

2025-11-27 10:25:33 - Attempting to delete participant with ID: 5
2025-11-28 12:38:49 - Raw input: {"participant_id":6}
2025-11-28 12:38:49 - Decoded input: Array
(
    [participant_id] => 6
)

2025-11-28 12:38:49 - Attempting to delete participant with ID: 6
